2021-10-17 17:10:45,392 [SpringContextShutdownHook] INFO  org.springframework.scheduling.concurrent.ThreadPoolTaskExecutor(shutdown:218) - Shutting down ExecutorService 'applicationTaskExecutor'
2021-10-17 17:10:55,787 [restartedMain] INFO  org.springframework.boot.devtools.env.DevToolsPropertyDefaultsPostProcessor(logTo:255) - Devtools property defaults active! Set 'spring.devtools.add-properties' to 'false' to disable
2021-10-17 17:10:55,787 [restartedMain] INFO  org.springframework.boot.devtools.env.DevToolsPropertyDefaultsPostProcessor(logTo:255) - For additional web related logging consider setting the 'logging.level.web' property to 'DEBUG'
2021-10-17 17:10:56,807 [restartedMain] INFO  org.springframework.boot.web.embedded.tomcat.TomcatWebServer(initialize:108) - Tomcat initialized with port(s): 8080 (http)
2021-10-17 17:10:56,866 [restartedMain] INFO  org.springframework.boot.web.servlet.context.ServletWebServerApplicationContext(prepareWebApplicationContext:289) - Root WebApplicationContext: initialization completed in 1077 ms
2021-10-17 17:10:57,277 [restartedMain] INFO  org.springframework.scheduling.concurrent.ThreadPoolTaskExecutor(initialize:181) - Initializing ExecutorService 'applicationTaskExecutor'
2021-10-17 17:10:57,609 [restartedMain] INFO  org.springframework.boot.devtools.autoconfigure.OptionalLiveReloadServer(startServer:58) - LiveReload server is running on port 35729
2021-10-17 17:10:57,612 [restartedMain] INFO  org.springframework.boot.actuate.endpoint.web.EndpointLinksResolver(<init>:58) - Exposing 2 endpoint(s) beneath base path '/actuator'
2021-10-17 17:10:57,652 [restartedMain] INFO  org.springframework.boot.web.embedded.tomcat.TomcatWebServer(start:220) - Tomcat started on port(s): 8080 (http) with context path ''
2021-10-17 17:10:57,976 [RMI TCP Connection(3)-172.18.192.1] INFO  org.springframework.web.servlet.DispatcherServlet(initServletBean:525) - Initializing Servlet 'dispatcherServlet'
2021-10-17 17:10:57,977 [RMI TCP Connection(3)-172.18.192.1] INFO  org.springframework.web.servlet.DispatcherServlet(initServletBean:547) - Completed initialization in 1 ms
2021-10-17 17:16:46,065 [SpringContextShutdownHook] INFO  org.springframework.scheduling.concurrent.ThreadPoolTaskExecutor(shutdown:218) - Shutting down ExecutorService 'applicationTaskExecutor'
2021-10-17 17:16:51,241 [restartedMain] INFO  org.springframework.boot.devtools.env.DevToolsPropertyDefaultsPostProcessor(logTo:255) - Devtools property defaults active! Set 'spring.devtools.add-properties' to 'false' to disable
2021-10-17 17:16:51,242 [restartedMain] INFO  org.springframework.boot.devtools.env.DevToolsPropertyDefaultsPostProcessor(logTo:255) - For additional web related logging consider setting the 'logging.level.web' property to 'DEBUG'
2021-10-17 17:16:52,274 [restartedMain] INFO  org.springframework.boot.web.embedded.tomcat.TomcatWebServer(initialize:108) - Tomcat initialized with port(s): 8080 (http)
2021-10-17 17:16:52,332 [restartedMain] INFO  org.springframework.boot.web.servlet.context.ServletWebServerApplicationContext(prepareWebApplicationContext:289) - Root WebApplicationContext: initialization completed in 1089 ms
2021-10-17 17:16:52,746 [restartedMain] INFO  org.springframework.scheduling.concurrent.ThreadPoolTaskExecutor(initialize:181) - Initializing ExecutorService 'applicationTaskExecutor'
2021-10-17 17:16:53,083 [restartedMain] INFO  org.springframework.boot.devtools.autoconfigure.OptionalLiveReloadServer(startServer:58) - LiveReload server is running on port 35729
2021-10-17 17:16:53,087 [restartedMain] INFO  org.springframework.boot.actuate.endpoint.web.EndpointLinksResolver(<init>:58) - Exposing 2 endpoint(s) beneath base path '/actuator'
2021-10-17 17:16:53,130 [restartedMain] INFO  org.springframework.boot.web.embedded.tomcat.TomcatWebServer(start:220) - Tomcat started on port(s): 8080 (http) with context path ''
2021-10-17 17:16:53,663 [RMI TCP Connection(2)-172.18.192.1] INFO  org.springframework.web.servlet.DispatcherServlet(initServletBean:525) - Initializing Servlet 'dispatcherServlet'
2021-10-17 17:16:53,664 [RMI TCP Connection(2)-172.18.192.1] INFO  org.springframework.web.servlet.DispatcherServlet(initServletBean:547) - Completed initialization in 1 ms
2021-10-17 17:17:37,984 [SpringContextShutdownHook] INFO  org.springframework.scheduling.concurrent.ThreadPoolTaskExecutor(shutdown:218) - Shutting down ExecutorService 'applicationTaskExecutor'
2021-10-17 17:17:43,087 [restartedMain] INFO  org.springframework.boot.devtools.env.DevToolsPropertyDefaultsPostProcessor(logTo:255) - Devtools property defaults active! Set 'spring.devtools.add-properties' to 'false' to disable
2021-10-17 17:17:43,088 [restartedMain] INFO  org.springframework.boot.devtools.env.DevToolsPropertyDefaultsPostProcessor(logTo:255) - For additional web related logging consider setting the 'logging.level.web' property to 'DEBUG'
2021-10-17 17:17:44,163 [restartedMain] INFO  org.springframework.boot.web.embedded.tomcat.TomcatWebServer(initialize:108) - Tomcat initialized with port(s): 8080 (http)
2021-10-17 17:17:44,224 [restartedMain] INFO  org.springframework.boot.web.servlet.context.ServletWebServerApplicationContext(prepareWebApplicationContext:289) - Root WebApplicationContext: initialization completed in 1135 ms
2021-10-17 17:17:44,640 [restartedMain] INFO  org.springframework.scheduling.concurrent.ThreadPoolTaskExecutor(initialize:181) - Initializing ExecutorService 'applicationTaskExecutor'
2021-10-17 17:17:44,995 [restartedMain] INFO  org.springframework.boot.devtools.autoconfigure.OptionalLiveReloadServer(startServer:58) - LiveReload server is running on port 35729
2021-10-17 17:17:44,999 [restartedMain] INFO  org.springframework.boot.actuate.endpoint.web.EndpointLinksResolver(<init>:58) - Exposing 2 endpoint(s) beneath base path '/actuator'
2021-10-17 17:17:45,039 [restartedMain] INFO  org.springframework.boot.web.embedded.tomcat.TomcatWebServer(start:220) - Tomcat started on port(s): 8080 (http) with context path ''
2021-10-17 17:17:45,563 [RMI TCP Connection(1)-172.18.192.1] INFO  org.springframework.web.servlet.DispatcherServlet(initServletBean:525) - Initializing Servlet 'dispatcherServlet'
2021-10-17 17:17:45,564 [RMI TCP Connection(1)-172.18.192.1] INFO  org.springframework.web.servlet.DispatcherServlet(initServletBean:547) - Completed initialization in 1 ms
2021-10-17 17:18:19,041 [SpringContextShutdownHook] INFO  org.springframework.scheduling.concurrent.ThreadPoolTaskExecutor(shutdown:218) - Shutting down ExecutorService 'applicationTaskExecutor'
2021-10-17 17:18:21,357 [restartedMain] INFO  org.springframework.boot.devtools.env.DevToolsPropertyDefaultsPostProcessor(logTo:255) - Devtools property defaults active! Set 'spring.devtools.add-properties' to 'false' to disable
2021-10-17 17:18:21,358 [restartedMain] INFO  org.springframework.boot.devtools.env.DevToolsPropertyDefaultsPostProcessor(logTo:255) - For additional web related logging consider setting the 'logging.level.web' property to 'DEBUG'
2021-10-17 17:18:22,411 [restartedMain] INFO  org.springframework.boot.web.embedded.tomcat.TomcatWebServer(initialize:108) - Tomcat initialized with port(s): 8080 (http)
2021-10-17 17:18:22,469 [restartedMain] INFO  org.springframework.boot.web.servlet.context.ServletWebServerApplicationContext(prepareWebApplicationContext:289) - Root WebApplicationContext: initialization completed in 1111 ms
2021-10-17 17:18:22,880 [restartedMain] INFO  org.springframework.scheduling.concurrent.ThreadPoolTaskExecutor(initialize:181) - Initializing ExecutorService 'applicationTaskExecutor'
2021-10-17 17:18:23,230 [restartedMain] INFO  org.springframework.boot.devtools.autoconfigure.OptionalLiveReloadServer(startServer:58) - LiveReload server is running on port 35729
2021-10-17 17:18:23,235 [restartedMain] INFO  org.springframework.boot.actuate.endpoint.web.EndpointLinksResolver(<init>:58) - Exposing 2 endpoint(s) beneath base path '/actuator'
2021-10-17 17:18:23,279 [restartedMain] INFO  org.springframework.boot.web.embedded.tomcat.TomcatWebServer(start:220) - Tomcat started on port(s): 8080 (http) with context path ''
2021-10-17 17:18:23,755 [RMI TCP Connection(1)-172.18.192.1] INFO  org.springframework.web.servlet.DispatcherServlet(initServletBean:525) - Initializing Servlet 'dispatcherServlet'
2021-10-17 17:18:23,756 [RMI TCP Connection(1)-172.18.192.1] INFO  org.springframework.web.servlet.DispatcherServlet(initServletBean:547) - Completed initialization in 1 ms
2021-10-17 17:24:48,514 [SpringContextShutdownHook] INFO  org.springframework.scheduling.concurrent.ThreadPoolTaskExecutor(shutdown:218) - Shutting down ExecutorService 'applicationTaskExecutor'
2021-10-17 17:24:53,613 [restartedMain] INFO  org.springframework.boot.devtools.env.DevToolsPropertyDefaultsPostProcessor(logTo:255) - Devtools property defaults active! Set 'spring.devtools.add-properties' to 'false' to disable
2021-10-17 17:24:53,614 [restartedMain] INFO  org.springframework.boot.devtools.env.DevToolsPropertyDefaultsPostProcessor(logTo:255) - For additional web related logging consider setting the 'logging.level.web' property to 'DEBUG'
2021-10-17 17:24:54,637 [restartedMain] INFO  org.springframework.boot.web.embedded.tomcat.TomcatWebServer(initialize:108) - Tomcat initialized with port(s): 8080 (http)
2021-10-17 17:24:54,697 [restartedMain] INFO  org.springframework.boot.web.servlet.context.ServletWebServerApplicationContext(prepareWebApplicationContext:289) - Root WebApplicationContext: initialization completed in 1082 ms
2021-10-17 17:24:55,113 [restartedMain] INFO  org.springframework.scheduling.concurrent.ThreadPoolTaskExecutor(initialize:181) - Initializing ExecutorService 'applicationTaskExecutor'
2021-10-17 17:24:55,465 [restartedMain] INFO  org.springframework.boot.devtools.autoconfigure.OptionalLiveReloadServer(startServer:58) - LiveReload server is running on port 35729
2021-10-17 17:24:55,470 [restartedMain] INFO  org.springframework.boot.actuate.endpoint.web.EndpointLinksResolver(<init>:58) - Exposing 2 endpoint(s) beneath base path '/actuator'
2021-10-17 17:24:55,509 [restartedMain] INFO  org.springframework.boot.web.embedded.tomcat.TomcatWebServer(start:220) - Tomcat started on port(s): 8080 (http) with context path ''
2021-10-17 17:24:55,925 [RMI TCP Connection(2)-172.18.192.1] INFO  org.springframework.web.servlet.DispatcherServlet(initServletBean:525) - Initializing Servlet 'dispatcherServlet'
2021-10-17 17:24:55,926 [RMI TCP Connection(2)-172.18.192.1] INFO  org.springframework.web.servlet.DispatcherServlet(initServletBean:547) - Completed initialization in 1 ms
2021-10-17 17:27:47,784 [SpringContextShutdownHook] INFO  org.springframework.scheduling.concurrent.ThreadPoolTaskExecutor(shutdown:218) - Shutting down ExecutorService 'applicationTaskExecutor'
2021-10-17 17:27:52,827 [restartedMain] INFO  org.springframework.boot.devtools.env.DevToolsPropertyDefaultsPostProcessor(logTo:255) - Devtools property defaults active! Set 'spring.devtools.add-properties' to 'false' to disable
2021-10-17 17:27:52,827 [restartedMain] INFO  org.springframework.boot.devtools.env.DevToolsPropertyDefaultsPostProcessor(logTo:255) - For additional web related logging consider setting the 'logging.level.web' property to 'DEBUG'
2021-10-17 17:27:53,855 [restartedMain] INFO  org.springframework.boot.web.embedded.tomcat.TomcatWebServer(initialize:108) - Tomcat initialized with port(s): 8080 (http)
2021-10-17 17:27:53,912 [restartedMain] INFO  org.springframework.boot.web.servlet.context.ServletWebServerApplicationContext(prepareWebApplicationContext:289) - Root WebApplicationContext: initialization completed in 1084 ms
2021-10-17 17:27:54,347 [restartedMain] INFO  org.springframework.scheduling.concurrent.ThreadPoolTaskExecutor(initialize:181) - Initializing ExecutorService 'applicationTaskExecutor'
2021-10-17 17:27:54,694 [restartedMain] INFO  org.springframework.boot.devtools.autoconfigure.OptionalLiveReloadServer(startServer:58) - LiveReload server is running on port 35729
2021-10-17 17:27:54,698 [restartedMain] INFO  org.springframework.boot.actuate.endpoint.web.EndpointLinksResolver(<init>:58) - Exposing 2 endpoint(s) beneath base path '/actuator'
2021-10-17 17:27:54,736 [restartedMain] INFO  org.springframework.boot.web.embedded.tomcat.TomcatWebServer(start:220) - Tomcat started on port(s): 8080 (http) with context path ''
2021-10-17 17:27:55,282 [RMI TCP Connection(2)-172.18.192.1] INFO  org.springframework.web.servlet.DispatcherServlet(initServletBean:525) - Initializing Servlet 'dispatcherServlet'
2021-10-17 17:27:55,283 [RMI TCP Connection(2)-172.18.192.1] INFO  org.springframework.web.servlet.DispatcherServlet(initServletBean:547) - Completed initialization in 1 ms
2021-10-17 17:33:21,032 [SpringContextShutdownHook] INFO  org.springframework.scheduling.concurrent.ThreadPoolTaskExecutor(shutdown:218) - Shutting down ExecutorService 'applicationTaskExecutor'
2021-10-17 17:33:25,999 [restartedMain] INFO  org.springframework.boot.devtools.env.DevToolsPropertyDefaultsPostProcessor(logTo:255) - Devtools property defaults active! Set 'spring.devtools.add-properties' to 'false' to disable
2021-10-17 17:33:26,000 [restartedMain] INFO  org.springframework.boot.devtools.env.DevToolsPropertyDefaultsPostProcessor(logTo:255) - For additional web related logging consider setting the 'logging.level.web' property to 'DEBUG'
2021-10-17 17:33:27,027 [restartedMain] INFO  org.springframework.boot.web.embedded.tomcat.TomcatWebServer(initialize:108) - Tomcat initialized with port(s): 8080 (http)
2021-10-17 17:33:27,086 [restartedMain] INFO  org.springframework.boot.web.servlet.context.ServletWebServerApplicationContext(prepareWebApplicationContext:289) - Root WebApplicationContext: initialization completed in 1085 ms
2021-10-17 17:33:27,499 [restartedMain] INFO  org.springframework.scheduling.concurrent.ThreadPoolTaskExecutor(initialize:181) - Initializing ExecutorService 'applicationTaskExecutor'
2021-10-17 17:33:27,844 [restartedMain] INFO  org.springframework.boot.devtools.autoconfigure.OptionalLiveReloadServer(startServer:58) - LiveReload server is running on port 35729
2021-10-17 17:33:27,849 [restartedMain] INFO  org.springframework.boot.actuate.endpoint.web.EndpointLinksResolver(<init>:58) - Exposing 2 endpoint(s) beneath base path '/actuator'
2021-10-17 17:33:27,890 [restartedMain] INFO  org.springframework.boot.web.embedded.tomcat.TomcatWebServer(start:220) - Tomcat started on port(s): 8080 (http) with context path ''
2021-10-17 17:33:28,394 [RMI TCP Connection(1)-172.18.192.1] INFO  org.springframework.web.servlet.DispatcherServlet(initServletBean:525) - Initializing Servlet 'dispatcherServlet'
2021-10-17 17:33:28,396 [RMI TCP Connection(1)-172.18.192.1] INFO  org.springframework.web.servlet.DispatcherServlet(initServletBean:547) - Completed initialization in 0 ms
2021-10-17 17:37:14,197 [SpringContextShutdownHook] INFO  org.springframework.scheduling.concurrent.ThreadPoolTaskExecutor(shutdown:218) - Shutting down ExecutorService 'applicationTaskExecutor'
2021-10-17 17:37:19,201 [restartedMain] INFO  org.springframework.boot.devtools.env.DevToolsPropertyDefaultsPostProcessor(logTo:255) - Devtools property defaults active! Set 'spring.devtools.add-properties' to 'false' to disable
2021-10-17 17:37:19,202 [restartedMain] INFO  org.springframework.boot.devtools.env.DevToolsPropertyDefaultsPostProcessor(logTo:255) - For additional web related logging consider setting the 'logging.level.web' property to 'DEBUG'
2021-10-17 17:37:20,233 [restartedMain] INFO  org.springframework.boot.web.embedded.tomcat.TomcatWebServer(initialize:108) - Tomcat initialized with port(s): 8080 (http)
2021-10-17 17:37:20,291 [restartedMain] INFO  org.springframework.boot.web.servlet.context.ServletWebServerApplicationContext(prepareWebApplicationContext:289) - Root WebApplicationContext: initialization completed in 1088 ms
2021-10-17 17:37:20,708 [restartedMain] INFO  org.springframework.scheduling.concurrent.ThreadPoolTaskExecutor(initialize:181) - Initializing ExecutorService 'applicationTaskExecutor'
2021-10-17 17:37:21,057 [restartedMain] INFO  org.springframework.boot.devtools.autoconfigure.OptionalLiveReloadServer(startServer:58) - LiveReload server is running on port 35729
2021-10-17 17:37:21,061 [restartedMain] INFO  org.springframework.boot.actuate.endpoint.web.EndpointLinksResolver(<init>:58) - Exposing 2 endpoint(s) beneath base path '/actuator'
2021-10-17 17:37:21,101 [restartedMain] INFO  org.springframework.boot.web.embedded.tomcat.TomcatWebServer(start:220) - Tomcat started on port(s): 8080 (http) with context path ''
2021-10-17 17:37:21,681 [RMI TCP Connection(1)-172.18.192.1] INFO  org.springframework.web.servlet.DispatcherServlet(initServletBean:525) - Initializing Servlet 'dispatcherServlet'
2021-10-17 17:37:21,682 [RMI TCP Connection(1)-172.18.192.1] INFO  org.springframework.web.servlet.DispatcherServlet(initServletBean:547) - Completed initialization in 1 ms
2021-10-17 17:38:30,007 [SpringContextShutdownHook] INFO  org.springframework.scheduling.concurrent.ThreadPoolTaskExecutor(shutdown:218) - Shutting down ExecutorService 'applicationTaskExecutor'
2021-10-17 17:38:32,492 [restartedMain] INFO  org.springframework.boot.devtools.env.DevToolsPropertyDefaultsPostProcessor(logTo:255) - Devtools property defaults active! Set 'spring.devtools.add-properties' to 'false' to disable
2021-10-17 17:38:32,492 [restartedMain] INFO  org.springframework.boot.devtools.env.DevToolsPropertyDefaultsPostProcessor(logTo:255) - For additional web related logging consider setting the 'logging.level.web' property to 'DEBUG'
2021-10-17 17:38:33,516 [restartedMain] INFO  org.springframework.boot.web.embedded.tomcat.TomcatWebServer(initialize:108) - Tomcat initialized with port(s): 8080 (http)
2021-10-17 17:38:33,575 [restartedMain] INFO  org.springframework.boot.web.servlet.context.ServletWebServerApplicationContext(prepareWebApplicationContext:289) - Root WebApplicationContext: initialization completed in 1082 ms
2021-10-17 17:38:33,988 [restartedMain] INFO  org.springframework.scheduling.concurrent.ThreadPoolTaskExecutor(initialize:181) - Initializing ExecutorService 'applicationTaskExecutor'
2021-10-17 17:38:34,337 [restartedMain] INFO  org.springframework.boot.devtools.autoconfigure.OptionalLiveReloadServer(startServer:58) - LiveReload server is running on port 35729
2021-10-17 17:38:34,341 [restartedMain] INFO  org.springframework.boot.actuate.endpoint.web.EndpointLinksResolver(<init>:58) - Exposing 2 endpoint(s) beneath base path '/actuator'
2021-10-17 17:38:34,381 [restartedMain] INFO  org.springframework.boot.web.embedded.tomcat.TomcatWebServer(start:220) - Tomcat started on port(s): 8080 (http) with context path ''
2021-10-17 17:38:34,941 [RMI TCP Connection(1)-172.18.192.1] INFO  org.springframework.web.servlet.DispatcherServlet(initServletBean:525) - Initializing Servlet 'dispatcherServlet'
2021-10-17 17:38:34,943 [RMI TCP Connection(1)-172.18.192.1] INFO  org.springframework.web.servlet.DispatcherServlet(initServletBean:547) - Completed initialization in 0 ms
2021-10-17 17:40:26,364 [SpringContextShutdownHook] INFO  org.springframework.scheduling.concurrent.ThreadPoolTaskExecutor(shutdown:218) - Shutting down ExecutorService 'applicationTaskExecutor'
2021-10-17 17:40:31,343 [restartedMain] INFO  org.springframework.boot.devtools.env.DevToolsPropertyDefaultsPostProcessor(logTo:255) - Devtools property defaults active! Set 'spring.devtools.add-properties' to 'false' to disable
2021-10-17 17:40:31,343 [restartedMain] INFO  org.springframework.boot.devtools.env.DevToolsPropertyDefaultsPostProcessor(logTo:255) - For additional web related logging consider setting the 'logging.level.web' property to 'DEBUG'
2021-10-17 17:40:32,377 [restartedMain] INFO  org.springframework.boot.web.embedded.tomcat.TomcatWebServer(initialize:108) - Tomcat initialized with port(s): 8080 (http)
2021-10-17 17:40:32,435 [restartedMain] INFO  org.springframework.boot.web.servlet.context.ServletWebServerApplicationContext(prepareWebApplicationContext:289) - Root WebApplicationContext: initialization completed in 1090 ms
2021-10-17 17:40:32,876 [restartedMain] INFO  org.springframework.scheduling.concurrent.ThreadPoolTaskExecutor(initialize:181) - Initializing ExecutorService 'applicationTaskExecutor'
2021-10-17 17:40:33,238 [restartedMain] INFO  org.springframework.boot.devtools.autoconfigure.OptionalLiveReloadServer(startServer:58) - LiveReload server is running on port 35729
2021-10-17 17:40:33,242 [restartedMain] INFO  org.springframework.boot.actuate.endpoint.web.EndpointLinksResolver(<init>:58) - Exposing 2 endpoint(s) beneath base path '/actuator'
2021-10-17 17:40:33,283 [restartedMain] INFO  org.springframework.boot.web.embedded.tomcat.TomcatWebServer(start:220) - Tomcat started on port(s): 8080 (http) with context path ''
2021-10-17 17:40:33,807 [RMI TCP Connection(2)-172.18.192.1] INFO  org.springframework.web.servlet.DispatcherServlet(initServletBean:525) - Initializing Servlet 'dispatcherServlet'
2021-10-17 17:40:33,808 [RMI TCP Connection(2)-172.18.192.1] INFO  org.springframework.web.servlet.DispatcherServlet(initServletBean:547) - Completed initialization in 1 ms
2021-10-17 17:42:38,745 [SpringContextShutdownHook] INFO  org.springframework.scheduling.concurrent.ThreadPoolTaskExecutor(shutdown:218) - Shutting down ExecutorService 'applicationTaskExecutor'
2021-10-17 17:42:43,945 [restartedMain] INFO  org.springframework.boot.devtools.env.DevToolsPropertyDefaultsPostProcessor(logTo:255) - Devtools property defaults active! Set 'spring.devtools.add-properties' to 'false' to disable
2021-10-17 17:42:43,946 [restartedMain] INFO  org.springframework.boot.devtools.env.DevToolsPropertyDefaultsPostProcessor(logTo:255) - For additional web related logging consider setting the 'logging.level.web' property to 'DEBUG'
2021-10-17 17:42:44,977 [restartedMain] INFO  org.springframework.boot.web.embedded.tomcat.TomcatWebServer(initialize:108) - Tomcat initialized with port(s): 8080 (http)
2021-10-17 17:42:45,037 [restartedMain] INFO  org.springframework.boot.web.servlet.context.ServletWebServerApplicationContext(prepareWebApplicationContext:289) - Root WebApplicationContext: initialization completed in 1090 ms
2021-10-17 17:42:45,453 [restartedMain] INFO  org.springframework.scheduling.concurrent.ThreadPoolTaskExecutor(initialize:181) - Initializing ExecutorService 'applicationTaskExecutor'
2021-10-17 17:42:45,800 [restartedMain] INFO  org.springframework.boot.devtools.autoconfigure.OptionalLiveReloadServer(startServer:58) - LiveReload server is running on port 35729
2021-10-17 17:42:45,804 [restartedMain] INFO  org.springframework.boot.actuate.endpoint.web.EndpointLinksResolver(<init>:58) - Exposing 2 endpoint(s) beneath base path '/actuator'
2021-10-17 17:42:45,845 [restartedMain] INFO  org.springframework.boot.web.embedded.tomcat.TomcatWebServer(start:220) - Tomcat started on port(s): 8080 (http) with context path ''
2021-10-17 17:42:46,035 [RMI TCP Connection(1)-172.18.192.1] INFO  org.springframework.web.servlet.DispatcherServlet(initServletBean:525) - Initializing Servlet 'dispatcherServlet'
2021-10-17 17:42:46,036 [RMI TCP Connection(1)-172.18.192.1] INFO  org.springframework.web.servlet.DispatcherServlet(initServletBean:547) - Completed initialization in 1 ms
2021-10-17 17:51:29,823 [restartedMain] INFO  org.springframework.boot.devtools.env.DevToolsPropertyDefaultsPostProcessor(logTo:255) - Devtools property defaults active! Set 'spring.devtools.add-properties' to 'false' to disable
2021-10-17 17:51:29,823 [restartedMain] INFO  org.springframework.boot.devtools.env.DevToolsPropertyDefaultsPostProcessor(logTo:255) - For additional web related logging consider setting the 'logging.level.web' property to 'DEBUG'
2021-10-17 17:51:30,774 [restartedMain] INFO  org.springframework.boot.web.embedded.tomcat.TomcatWebServer(initialize:108) - Tomcat initialized with port(s): 8080 (http)
2021-10-17 17:51:30,829 [restartedMain] INFO  org.springframework.boot.web.servlet.context.ServletWebServerApplicationContext(prepareWebApplicationContext:289) - Root WebApplicationContext: initialization completed in 1005 ms
2021-10-17 17:51:31,237 [restartedMain] INFO  org.springframework.scheduling.concurrent.ThreadPoolTaskExecutor(initialize:181) - Initializing ExecutorService 'applicationTaskExecutor'
2021-10-17 17:51:32,649 [restartedMain] INFO  org.springframework.boot.devtools.autoconfigure.OptionalLiveReloadServer(startServer:58) - LiveReload server is running on port 35729
2021-10-17 17:51:32,653 [restartedMain] INFO  org.springframework.boot.actuate.endpoint.web.EndpointLinksResolver(<init>:58) - Exposing 2 endpoint(s) beneath base path '/actuator'
2021-10-17 17:51:32,692 [restartedMain] INFO  org.springframework.boot.web.embedded.tomcat.TomcatWebServer(start:220) - Tomcat started on port(s): 8080 (http) with context path ''
2021-10-17 17:51:33,333 [RMI TCP Connection(2)-172.18.192.1] INFO  org.springframework.web.servlet.DispatcherServlet(initServletBean:525) - Initializing Servlet 'dispatcherServlet'
2021-10-17 17:51:33,334 [RMI TCP Connection(2)-172.18.192.1] INFO  org.springframework.web.servlet.DispatcherServlet(initServletBean:547) - Completed initialization in 1 ms
2021-10-17 17:52:46,259 [SpringContextShutdownHook] INFO  org.springframework.scheduling.concurrent.ThreadPoolTaskExecutor(shutdown:218) - Shutting down ExecutorService 'applicationTaskExecutor'
